0 info it worked if it ends with ok
1 verbose cli [ 'C:\\Program Files\\nodejs\\node.exe',
1 verbose cli   'C:\\Program Files\\nodejs\\node_modules\\npm\\bin\\npm-cli.js',
1 verbose cli   'run',
1 verbose cli   'compile:sass' ]
2 info using npm@3.10.10
3 info using node@v6.9.4
4 verbose run-script [ 'precompile:sass', 'compile:sass', 'postcompile:sass' ]
5 info lifecycle consultare@1.0.0~precompile:sass: consultare@1.0.0
6 silly lifecycle consultare@1.0.0~precompile:sass: no script for precompile:sass, continuing
7 info lifecycle consultare@1.0.0~compile:sass: consultare@1.0.0
8 verbose lifecycle consultare@1.0.0~compile:sass: unsafe-perm in lifecycle true
9 verbose lifecycle consultare@1.0.0~compile:sass: PATH: C:\Program Files\nodejs\node_modules\npm\bin\node-gyp-bin;C:\Users\Derek\Documents\Udemy - AdvancedCSS - Jonas\portfolio\node_modules\.bin;C:\Program Files\nodejs\node_modules\npm\bin\node-gyp-bin;C:\Users\Derek\Documents\Udemy - AdvancedCSS - Jonas\portfolio\node_modules\.bin;C:\Users\Derek\bin;C:\Program Files\Git\mingw64\bin;C:\Program Files\Git\usr\local\bin;C:\Program Files\Git\usr\bin;C:\Program Files\Git\usr\bin;C:\Program Files\Git\mingw64\bin;C:\Program Files\Git\usr\bin;C:\Users\Derek\bin;C:\ProgramData\Oracle\Java\javapath;C:\Program Files (x86)\Intel\iCLS Client;C:\Program Files\Intel\iCLS Client;C:\WINDOWS\system32;C:\WINDOWS;C:\WINDOWS\System32\Wbem;C:\WINDOWS\System32\WindowsPowerShell\v1.0;C:\Program Files (x86)\Intel\Intel(R) Management Engine Components\DAL;C:\Program Files\Intel\Intel(R) Management Engine Components\DAL;C:\Program Files (x86)\Intel\Intel(R) Management Engine Components\IPT;C:\Program Files\Intel\Intel(R) Management Engine Components\IPT;C:\Program Files\nodejs;C:\Program Files\Java\jre1.8.0_131\bin;C:\Users\Derek\AppData\Local\Android\sdk\tools;C:\Users\Derek\AppData\Local\Android\sdk\platform-tools;C:\Program Files\Android\Android Studio\gradle\gradle-3.2\bin;C:\Program Files\Intel\WiFi\bin;C:\Program Files\Common Files\Intel\WirelessCommon;C:\Program Files (x86)\Windows Kits\8.1\Windows Performance Toolkit;C:\Users\Derek\AppData\Local\Microsoft\WindowsApps;C:\Program Files\Heroku\bin;C:\Users\Derek\AppData\Roaming\npm;C:\Program Files\Git\usr\bin\vendor_perl;C:\Program Files\Git\usr\bin\core_perl
10 verbose lifecycle consultare@1.0.0~compile:sass: CWD: C:\Users\Derek\Documents\Udemy - AdvancedCSS - Jonas\portfolio
11 silly lifecycle consultare@1.0.0~compile:sass: Args: [ '/d /s /c', 'node-sass sass/main.scss css/style.css' ]
12 silly lifecycle consultare@1.0.0~compile:sass: Returned: code: 1  signal: null
13 info lifecycle consultare@1.0.0~compile:sass: Failed to exec compile:sass script
14 verbose stack Error: consultare@1.0.0 compile:sass: `node-sass sass/main.scss css/style.css`
14 verbose stack Exit status 1
14 verbose stack     at EventEmitter.<anonymous> (C:\Program Files\nodejs\node_modules\npm\lib\utils\lifecycle.js:255:16)
14 verbose stack     at emitTwo (events.js:106:13)
14 verbose stack     at EventEmitter.emit (events.js:191:7)
14 verbose stack     at ChildProcess.<anonymous> (C:\Program Files\nodejs\node_modules\npm\lib\utils\spawn.js:40:14)
14 verbose stack     at emitTwo (events.js:106:13)
14 verbose stack     at ChildProcess.emit (events.js:191:7)
14 verbose stack     at maybeClose (internal/child_process.js:877:16)
14 verbose stack     at Process.ChildProcess._handle.onexit (internal/child_process.js:226:5)
15 verbose pkgid consultare@1.0.0
16 verbose cwd C:\Users\Derek\Documents\Udemy - AdvancedCSS - Jonas\portfolio
17 error Windows_NT 10.0.15063
18 error argv "C:\\Program Files\\nodejs\\node.exe" "C:\\Program Files\\nodejs\\node_modules\\npm\\bin\\npm-cli.js" "run" "compile:sass"
19 error node v6.9.4
20 error npm  v3.10.10
21 error code ELIFECYCLE
22 error consultare@1.0.0 compile:sass: `node-sass sass/main.scss css/style.css`
22 error Exit status 1
23 error Failed at the consultare@1.0.0 compile:sass script 'node-sass sass/main.scss css/style.css'.
23 error Make sure you have the latest version of node.js and npm installed.
23 error If you do, this is most likely a problem with the consultare package,
23 error not with npm itself.
23 error Tell the author that this fails on your system:
23 error     node-sass sass/main.scss css/style.css
23 error You can get information on how to open an issue for this project with:
23 error     npm bugs consultare
23 error Or if that isn't available, you can get their info via:
23 error     npm owner ls consultare
23 error There is likely additional logging output above.
24 verbose exit [ 1, true ]
